This file contains any messages produced by compilers while
running configure, to aid debugging if configure makes a mistake.

It was created by configure, which was
generated by GNU Autoconf 2.64.  Invocation command line was

  $ .././../gnulib/configure --disable-option-checking --prefix=/l/branch-rtl819x-sdk-v3.4.11/users/gdb/gdbserver --host=mips-linux host_alias=mips-linux CC=msdk-linux-gcc CFLAGS=-I/l/branch-rtl819x-sdk-v3.4.11/target/tmpfs/include -I/l/branch-rtl819x-sdk-v3.4.11/target/tmpfs/include CXX=msdk-linux-g++ --cache-file=/dev/null --srcdir=.././../gnulib

## --------- ##
## Platform. ##
## --------- ##

hostname = SD1
uname -m = x86_64
uname -r = 4.10.0-37-generic
uname -s = Linux
uname -v = #41~16.04.1-Ubuntu SMP Fri Oct 6 22:42:59 UTC 2017

/usr/bin/uname -p = unknown
/bin/uname -X     = unknown

/bin/arch              = unknown
/usr/bin/arch -k       = unknown
/usr/convex/getsysinfo = unknown
/usr/bin/hostinfo      = unknown
/bin/machine           = unknown
/usr/bin/oslevel       = unknown
/bin/universe          = unknown

PATH: /l/branch-rtl819x-sdk-v3.4.11/toolchain/msdk-4.4.7-mips-EL-3.10-u0.9.33-m32t-140827/bin
PATH: /usr/local/sbin
PATH: /usr/local/bin
PATH: /usr/sbin
PATH: /usr/bin
PATH: /sbin
PATH: /bin
PATH: /usr/games
PATH: /usr/local/games


## ----------- ##
## Core tests. ##
## ----------- ##

configure:3402: checking whether to enable maintainer-specific portions of Makefiles
configure:3411: result: no
configure:3433: checking for mips-linux-gcc
configure:3460: result: msdk-linux-gcc
configure:3729: checking for C compiler version
configure:3738: msdk-linux-gcc --version >&5
mips-linux-xgcc (Realtek MSDK-4.4.7 Build 2001) 4.4.7
Copyright (C) 2010 Free Software Foundation, Inc.
This is free software; see the source for copying conditions.  There is NO
warranty; not even for MERCHANTABILITY or FITNESS FOR A PARTICULAR PURPOSE.

configure:3749: $? = 0
configure:3738: msdk-linux-gcc -v >&5
Using built-in specs.
Target: mips-linux-uclibc
Configured with: SDK Builder release 4.4
Thread model: posix
gcc version 4.4.7 (Realtek MSDK-4.4.7 Build 2001) 
configure:3749: $? = 0
configure:3738: msdk-linux-gcc -V >&5
mips-linux-xgcc: '-V' must come at the start of the command line
configure:3749: $? = 1
configure:3738: msdk-linux-gcc -qversion >&5
mips-linux-xgcc: unrecognized option '-qversion'
mips-linux-xgcc: no input files
configure:3749: $? = 1
configure:3771: checking for C compiler default output file name
configure:3793: msdk-linux-gcc -I/l/branch-rtl819x-sdk-v3.4.11/target/tmpfs/include -I/l/branch-rtl819x-sdk-v3.4.11/target/tmpfs/include   conftest.c  >&5
configure:3797: $? = 0
configure:3834: result: a.out
configure:3850: checking whether the C compiler works
configure:3859: ./a.out
.././../gnulib/configure: line 3861: ./a.out: cannot execute binary file: Exec format error
configure:3863: $? = 126
configure:3878: result: yes
configure:3885: checking whether we are cross compiling
configure:3887: result: yes
configure:3890: checking for suffix of executables
configure:3897: msdk-linux-gcc -o conftest -I/l/branch-rtl819x-sdk-v3.4.11/target/tmpfs/include -I/l/branch-rtl819x-sdk-v3.4.11/target/tmpfs/include   conftest.c  >&5
configure:3901: $? = 0
configure:3923: result: 
configure:3929: checking for suffix of object files
configure:3951: msdk-linux-gcc -c -I/l/branch-rtl819x-sdk-v3.4.11/target/tmpfs/include -I/l/branch-rtl819x-sdk-v3.4.11/target/tmpfs/include  conftest.c >&5
configure:3955: $? = 0
configure:3976: result: o
configure:3980: checking whether we are using the GNU C compiler
configure:3999: msdk-linux-gcc -c -I/l/branch-rtl819x-sdk-v3.4.11/target/tmpfs/include -I/l/branch-rtl819x-sdk-v3.4.11/target/tmpfs/include  conftest.c >&5
configure:3999: $? = 0
configure:4008: result: yes
configure:4017: checking whether msdk-linux-gcc accepts -g
configure:4037: msdk-linux-gcc -c -g  conftest.c >&5
configure:4037: $? = 0
configure:4078: result: yes
configure:4095: checking for msdk-linux-gcc option to accept ISO C89
configure:4159: msdk-linux-gcc  -c -I/l/branch-rtl819x-sdk-v3.4.11/target/tmpfs/include -I/l/branch-rtl819x-sdk-v3.4.11/target/tmpfs/include  conftest.c >&5
configure:4159: $? = 0
configure:4172: result: none needed
configure:4198: checking how to run the C preprocessor
configure:4229: msdk-linux-gcc -E  conftest.c
configure:4229: $? = 0
configure:4243: msdk-linux-gcc -E  conftest.c
conftest.c:9:28: error: ac_nonexistent.h: No such file or directory
configure:4243: $? = 1
configure: failed program was:
| /* confdefs.h */
| #define PACKAGE_NAME ""
| #define PACKAGE_TARNAME ""
| #define PACKAGE_VERSION ""
| #define PACKAGE_STRING ""
| #define PACKAGE_BUGREPORT ""
| #define PACKAGE_URL ""
| /* end confdefs.h.  */
| #include <ac_nonexistent.h>
configure:4268: result: msdk-linux-gcc -E
configure:4288: msdk-linux-gcc -E  conftest.c
configure:4288: $? = 0
configure:4302: msdk-linux-gcc -E  conftest.c
conftest.c:9:28: error: ac_nonexistent.h: No such file or directory
configure:4302: $? = 1
configure: failed program was:
| /* confdefs.h */
| #define PACKAGE_NAME ""
| #define PACKAGE_TARNAME ""
| #define PACKAGE_VERSION ""
| #define PACKAGE_STRING ""
| #define PACKAGE_BUGREPORT ""
| #define PACKAGE_URL ""
| /* end confdefs.h.  */
| #include <ac_nonexistent.h>
configure:4331: checking for grep that handles long lines and -e
configure:4389: result: /bin/grep
configure:4394: checking for egrep
configure:4456: result: /bin/grep -E
configure:4461: checking for ANSI C header files
configure:4481: msdk-linux-gcc -c -I/l/branch-rtl819x-sdk-v3.4.11/target/tmpfs/include -I/l/branch-rtl819x-sdk-v3.4.11/target/tmpfs/include  conftest.c >&5
configure:4481: $? = 0
configure:4565: result: yes
configure:4578: checking for sys/types.h
configure:4578: msdk-linux-gcc -c -I/l/branch-rtl819x-sdk-v3.4.11/target/tmpfs/include -I/l/branch-rtl819x-sdk-v3.4.11/target/tmpfs/include  conftest.c >&5
configure:4578: $? = 0
configure:4578: result: yes
configure:4578: checking for sys/stat.h
configure:4578: msdk-linux-gcc -c -I/l/branch-rtl819x-sdk-v3.4.11/target/tmpfs/include -I/l/branch-rtl819x-sdk-v3.4.11/target/tmpfs/include  conftest.c >&5
configure:4578: $? = 0
configure:4578: result: yes
configure:4578: checking for stdlib.h
configure:4578: msdk-linux-gcc -c -I/l/branch-rtl819x-sdk-v3.4.11/target/tmpfs/include -I/l/branch-rtl819x-sdk-v3.4.11/target/tmpfs/include  conftest.c >&5
configure:4578: $? = 0
configure:4578: result: yes
configure:4578: checking for string.h
configure:4578: msdk-linux-gcc -c -I/l/branch-rtl819x-sdk-v3.4.11/target/tmpfs/include -I/l/branch-rtl819x-sdk-v3.4.11/target/tmpfs/include  conftest.c >&5
configure:4578: $? = 0
configure:4578: result: yes
configure:4578: checking for memory.h
configure:4578: msdk-linux-gcc -c -I/l/branch-rtl819x-sdk-v3.4.11/target/tmpfs/include -I/l/branch-rtl819x-sdk-v3.4.11/target/tmpfs/include  conftest.c >&5
configure:4578: $? = 0
configure:4578: result: yes
configure:4578: checking for strings.h
configure:4578: msdk-linux-gcc -c -I/l/branch-rtl819x-sdk-v3.4.11/target/tmpfs/include -I/l/branch-rtl819x-sdk-v3.4.11/target/tmpfs/include  conftest.c >&5
configure:4578: $? = 0
configure:4578: result: yes
configure:4578: checking for inttypes.h
configure:4578: msdk-linux-gcc -c -I/l/branch-rtl819x-sdk-v3.4.11/target/tmpfs/include -I/l/branch-rtl819x-sdk-v3.4.11/target/tmpfs/include  conftest.c >&5
configure:4578: $? = 0
configure:4578: result: yes
configure:4578: checking for stdint.h
configure:4578: msdk-linux-gcc -c -I/l/branch-rtl819x-sdk-v3.4.11/target/tmpfs/include -I/l/branch-rtl819x-sdk-v3.4.11/target/tmpfs/include  conftest.c >&5
configure:4578: $? = 0
configure:4578: result: yes
configure:4578: checking for unistd.h
configure:4578: msdk-linux-gcc -c -I/l/branch-rtl819x-sdk-v3.4.11/target/tmpfs/include -I/l/branch-rtl819x-sdk-v3.4.11/target/tmpfs/include  conftest.c >&5
configure:4578: $? = 0
configure:4578: result: yes
configure:4592: checking minix/config.h usability
configure:4592: msdk-linux-gcc -c -I/l/branch-rtl819x-sdk-v3.4.11/target/tmpfs/include -I/l/branch-rtl819x-sdk-v3.4.11/target/tmpfs/include  conftest.c >&5
conftest.c:52:26: error: minix/config.h: No such file or directory
configure:4592: $? = 1
configure: failed program was:
| /* confdefs.h */
| #define PACKAGE_NAME ""
| #define PACKAGE_TARNAME ""
| #define PACKAGE_VERSION ""
| #define PACKAGE_STRING ""
| #define PACKAGE_BUGREPORT ""
| #define PACKAGE_URL ""
| #define STDC_HEADERS 1
| #define HAVE_SYS_TYPES_H 1
| #define HAVE_SYS_STAT_H 1
| #define HAVE_STDLIB_H 1
| #define HAVE_STRING_H 1
| #define HAVE_MEMORY_H 1
| #define HAVE_STRINGS_H 1
| #define HAVE_INTTYPES_H 1
| #define HAVE_STDINT_H 1
| #define HAVE_UNISTD_H 1
| /* end confdefs.h.  */
| #include <stdio.h>
| #ifdef HAVE_SYS_TYPES_H
| # include <sys/types.h>
| #endif
| #ifdef HAVE_SYS_STAT_H
| # include <sys/stat.h>
| #endif
| #ifdef STDC_HEADERS
| # include <stdlib.h>
| # include <stddef.h>
| #else
| # ifdef HAVE_STDLIB_H
| #  include <stdlib.h>
| # endif
| #endif
| #ifdef HAVE_STRING_H
| # if !defined STDC_HEADERS && defined HAVE_MEMORY_H
| #  include <memory.h>
| # endif
| # include <string.h>
| #endif
| #ifdef HAVE_STRINGS_H
| # include <strings.h>
| #endif
| #ifdef HAVE_INTTYPES_H
| # include <inttypes.h>
| #endif
| #ifdef HAVE_STDINT_H
| # include <stdint.h>
| #endif
| #ifdef HAVE_UNISTD_H
| # include <unistd.h>
| #endif
| #include <minix/config.h>
configure:4592: result: no
configure:4592: checking minix/config.h presence
configure:4592: msdk-linux-gcc -E  conftest.c
conftest.c:19:26: error: minix/config.h: No such file or directory
configure:4592: $? = 1
configure: failed program was:
| /* confdefs.h */
| #define PACKAGE_NAME ""
| #define PACKAGE_TARNAME ""
| #define PACKAGE_VERSION ""
| #define PACKAGE_STRING ""
| #define PACKAGE_BUGREPORT ""
| #define PACKAGE_URL ""
| #define STDC_HEADERS 1
| #define HAVE_SYS_TYPES_H 1
| #define HAVE_SYS_STAT_H 1
| #define HAVE_STDLIB_H 1
| #define HAVE_STRING_H 1
| #define HAVE_MEMORY_H 1
| #define HAVE_STRINGS_H 1
| #define HAVE_INTTYPES_H 1
| #define HAVE_STDINT_H 1
| #define HAVE_UNISTD_H 1
| /* end confdefs.h.  */
| #include <minix/config.h>
configure:4592: result: no
configure:4592: checking for minix/config.h
configure:4592: result: no
configure:4616: checking whether it is safe to define __EXTENSIONS__
configure:4634: msdk-linux-gcc -c -I/l/branch-rtl819x-sdk-v3.4.11/target/tmpfs/include -I/l/branch-rtl819x-sdk-v3.4.11/target/tmpfs/include  conftest.c >&5
configure:4634: $? = 0
configure:4641: result: yes
configure:4658: checking whether _XOPEN_SOURCE should be defined
configure:4677: msdk-linux-gcc -c -I/l/branch-rtl819x-sdk-v3.4.11/target/tmpfs/include -I/l/branch-rtl819x-sdk-v3.4.11/target/tmpfs/include  conftest.c >&5
configure:4677: $? = 0
configure:4701: result: no
configure:4709: checking for Minix Amsterdam compiler
configure:4733: result: no
configure:4978: checking build system type
configure:4992: result: x86_64-pc-linux-uclibc
configure:5012: checking host system type
configure:5025: result: mips-unknown-linux-gnu
configure:5081: checking for special C compiler options needed for large files
configure:5126: result: no
configure:5132: checking for _FILE_OFFSET_BITS value needed for large files
configure:5157: msdk-linux-gcc -c -I/l/branch-rtl819x-sdk-v3.4.11/target/tmpfs/include -I/l/branch-rtl819x-sdk-v3.4.11/target/tmpfs/include  conftest.c >&5
conftest.c:32: warning: left shift count >= width of type
conftest.c:32: warning: left shift count >= width of type
conftest.c:34: error: size of array 'off_t_is_large' is negative
configure:5157: $? = 1
configure: failed program was:
| /* confdefs.h */
| #define PACKAGE_NAME ""
| #define PACKAGE_TARNAME ""
| #define PACKAGE_VERSION ""
| #define PACKAGE_STRING ""
| #define PACKAGE_BUGREPORT ""
| #define PACKAGE_URL ""
| #define STDC_HEADERS 1
| #define HAVE_SYS_TYPES_H 1
| #define HAVE_SYS_STAT_H 1
| #define HAVE_STDLIB_H 1
| #define HAVE_STRING_H 1
| #define HAVE_MEMORY_H 1
| #define HAVE_STRINGS_H 1
| #define HAVE_INTTYPES_H 1
| #define HAVE_STDINT_H 1
| #define HAVE_UNISTD_H 1
| #define __EXTENSIONS__ 1
| #define _ALL_SOURCE 1
| #define _DARWIN_C_SOURCE 1
| #define _GNU_SOURCE 1
| #define __USE_MINGW_ANSI_STDIO 1
| #define _POSIX_PTHREAD_SEMANTICS 1
| #define _TANDEM_SOURCE 1
| /* end confdefs.h.  */
| #include <sys/types.h>
|  /* Check that off_t can represent 2**63 - 1 correctly.
|     We can't simply define LARGE_OFF_T to be 9223372036854775807,
|     since some C++ compilers masquerading as C compilers
|     incorrectly reject 9223372036854775807.  */
| #define LARGE_OFF_T (((off_t) 1 << 62) - 1 + ((off_t) 1 << 62))
|   int off_t_is_large[(LARGE_OFF_T % 2147483629 == 721
|                        && LARGE_OFF_T % 2147483647 == 1)
|                       ? 1 : -1];
| int
| main ()
| {
| 
|   ;
|   return 0;
| }
configure:5181: msdk-linux-gcc -c -I/l/branch-rtl819x-sdk-v3.4.11/target/tmpfs/include -I/l/branch-rtl819x-sdk-v3.4.11/target/tmpfs/include  conftest.c >&5
configure:5181: $? = 0
configure:5189: result: 64
configure:5365: checking for mips-linux-gcc
configure:5392: result: msdk-linux-gcc
configure:5661: checking for C compiler version
configure:5670: msdk-linux-gcc --version >&5
mips-linux-xgcc (Realtek MSDK-4.4.7 Build 2001) 4.4.7
Copyright (C) 2010 Free Software Foundation, Inc.
This is free software; see the source for copying conditions.  There is NO
warranty; not even for MERCHANTABILITY or FITNESS FOR A PARTICULAR PURPOSE.

configure:5681: $? = 0
configure:5670: msdk-linux-gcc -v >&5
Using built-in specs.
Target: mips-linux-uclibc
Configured with: SDK Builder release 4.4
Thread model: posix
gcc version 4.4.7 (Realtek MSDK-4.4.7 Build 2001) 
configure:5681: $? = 0
configure:5670: msdk-linux-gcc -V >&5
mips-linux-xgcc: '-V' must come at the start of the command line
configure:5681: $? = 1
configure:5670: msdk-linux-gcc -qversion >&5
mips-linux-xgcc: unrecognized option '-qversion'
mips-linux-xgcc: no input files
configure:5681: $? = 1
configure:5685: checking whether we are using the GNU C compiler
configure:5713: result: yes
configure:5722: checking whether msdk-linux-gcc accepts -g
configure:5783: result: yes
configure:5800: checking for msdk-linux-gcc option to accept ISO C89
configure:5877: result: none needed
configure:5924: checking target system type
configure:5937: result: mips-unknown-linux-gnu
configure:5975: checking for working alloca.h
configure:5992: msdk-linux-gcc -o conftest -I/l/branch-rtl819x-sdk-v3.4.11/target/tmpfs/include -I/l/branch-rtl819x-sdk-v3.4.11/target/tmpfs/include   conftest.c  >&5
configure:5992: $? = 0
configure:6000: result: yes
configure:6008: checking for alloca
configure:6045: msdk-linux-gcc -o conftest -I/l/branch-rtl819x-sdk-v3.4.11/target/tmpfs/include -I/l/branch-rtl819x-sdk-v3.4.11/target/tmpfs/include   conftest.c  >&5
configure:6045: $? = 0
configure:6053: result: yes
configure:6250: checking for canonicalize_file_name
configure:6250: msdk-linux-gcc -o conftest -I/l/branch-rtl819x-sdk-v3.4.11/target/tmpfs/include -I/l/branch-rtl819x-sdk-v3.4.11/target/tmpfs/include   conftest.c  >&5
configure:6250: $? = 0
configure:6250: result: yes
configure:6250: checking for getcwd
configure:6250: msdk-linux-gcc -o conftest -I/l/branch-rtl819x-sdk-v3.4.11/target/tmpfs/include -I/l/branch-rtl819x-sdk-v3.4.11/target/tmpfs/include   conftest.c  >&5
configure:6250: $? = 0
configure:6250: result: yes
configure:6250: checking for readlink
configure:6250: msdk-linux-gcc -o conftest -I/l/branch-rtl819x-sdk-v3.4.11/target/tmpfs/include -I/l/branch-rtl819x-sdk-v3.4.11/target/tmpfs/include   conftest.c  >&5
configure:6250: $? = 0
configure:6250: result: yes
configure:6250: checking for realpath
configure:6250: msdk-linux-gcc -o conftest -I/l/branch-rtl819x-sdk-v3.4.11/target/tmpfs/include -I/l/branch-rtl819x-sdk-v3.4.11/target/tmpfs/include   conftest.c  >&5
configure:6250: $? = 0
configure:6250: result: yes
configure:6250: checking for btowc
configure:6250: msdk-linux-gcc -o conftest -I/l/branch-rtl819x-sdk-v3.4.11/target/tmpfs/include -I/l/branch-rtl819x-sdk-v3.4.11/target/tmpfs/include   conftest.c  >&5
configure:6250: $? = 0
configure:6250: result: yes
configure:6250: checking for isblank
configure:6250: msdk-linux-gcc -o conftest -I/l/branch-rtl819x-sdk-v3.4.11/target/tmpfs/include -I/l/branch-rtl819x-sdk-v3.4.11/target/tmpfs/include   conftest.c  >&5
conftest.c:58: warning: conflicting types for built-in function 'isblank'
configure:6250: $? = 0
configure:6250: result: yes
configure:6250: checking for iswctype
configure:6250: msdk-linux-gcc -o conftest -I/l/branch-rtl819x-sdk-v3.4.11/target/tmpfs/include -I/l/branch-rtl819x-sdk-v3.4.11/target/tmpfs/include   conftest.c  >&5
configure:6250: $? = 0
configure:6250: result: yes
configure:6250: checking for mbsrtowcs
configure:6250: msdk-linux-gcc -o conftest -I/l/branch-rtl819x-sdk-v3.4.11/target/tmpfs/include -I/l/branch-rtl819x-sdk-v3.4.11/target/tmpfs/include   conftest.c  >&5
configure:6250: $? = 0
configure:6250: result: yes
configure:6250: checking for mempcpy
configure:6250: msdk-linux-gcc -o conftest -I/l/branch-rtl819x-sdk-v3.4.11/target/tmpfs/include -I/l/branch-rtl819x-sdk-v3.4.11/target/tmpfs/include   conftest.c  >&5
conftest.c:61: warning: conflicting types for built-in function 'mempcpy'
configure:6250: $? = 0
configure:6250: result: yes
configure:6250: checking for wmemchr
configure:6250: msdk-linux-gcc -o conftest -I/l/branch-rtl819x-sdk-v3.4.11/target/tmpfs/include -I/l/branch-rtl819x-sdk-v3.4.11/target/tmpfs/include   conftest.c  >&5
configure:6250: $? = 0
configure:6250: result: yes
configure:6250: checking for wmemcpy

## ---------------- ##
## Cache variables. ##
## ---------------- ##

ac_cv_build=x86_64-pc-linux-uclibc
ac_cv_c_compiler_gnu=yes
ac_cv_env_CC_set=set
ac_cv_env_CC_value=msdk-linux-gcc
ac_cv_env_CFLAGS_set=set
ac_cv_env_CFLAGS_value='-I/l/branch-rtl819x-sdk-v3.4.11/target/tmpfs/include -I/l/branch-rtl819x-sdk-v3.4.11/target/tmpfs/include'
ac_cv_env_CPPFLAGS_set=
ac_cv_env_CPPFLAGS_value=
ac_cv_env_CPP_set=
ac_cv_env_CPP_value=
ac_cv_env_LDFLAGS_set=
ac_cv_env_LDFLAGS_value=
ac_cv_env_LIBS_set=
ac_cv_env_LIBS_value=
ac_cv_env_build_alias_set=
ac_cv_env_build_alias_value=
ac_cv_env_host_alias_set=set
ac_cv_env_host_alias_value=mips-linux
ac_cv_env_target_alias_set=
ac_cv_env_target_alias_value=
ac_cv_func_alloca_works=yes
ac_cv_func_btowc=yes
ac_cv_func_canonicalize_file_name=yes
ac_cv_func_getcwd=yes
ac_cv_func_isblank=yes
ac_cv_func_iswctype=yes
ac_cv_func_mbsrtowcs=yes
ac_cv_func_mempcpy=yes
ac_cv_func_readlink=yes
ac_cv_func_realpath=yes
ac_cv_func_wmemchr=yes
ac_cv_header_inttypes_h=yes
ac_cv_header_memory_h=yes
ac_cv_header_minix_config_h=no
ac_cv_header_stdc=yes
ac_cv_header_stdint_h=yes
ac_cv_header_stdlib_h=yes
ac_cv_header_string_h=yes
ac_cv_header_strings_h=yes
ac_cv_header_sys_stat_h=yes
ac_cv_header_sys_types_h=yes
ac_cv_header_unistd_h=yes
ac_cv_host=mips-unknown-linux-gnu
ac_cv_objext=o
ac_cv_path_EGREP='/bin/grep -E'
ac_cv_path_GREP=/bin/grep
ac_cv_prog_CC=msdk-linux-gcc
ac_cv_prog_CPP='msdk-linux-gcc -E'
ac_cv_prog_cc_c89=
ac_cv_prog_cc_g=yes
ac_cv_safe_to_define___extensions__=yes
ac_cv_should_define__xopen_source=no
ac_cv_sys_file_offset_bits=64
ac_cv_sys_largefile_CC=no
ac_cv_target=mips-unknown-linux-gnu
ac_cv_working_alloca_h=yes
am_cv_prog_cc_stdc=
gl_cv_c_amsterdam_compiler=no

## ----------------- ##
## Output variables. ##
## ----------------- ##

ACLOCAL=''
ALLOCA=''
ALLOCA_H=''
AMDEPBACKSLASH=''
AMDEP_FALSE=''
AMDEP_TRUE=''
AMTAR=''
APPLE_UNIVERSAL_BUILD=''
AR='msdk-linux-ar'
ARFLAGS='cr'
AUTOCONF=''
AUTOHEADER=''
AUTOMAKE=''
AWK=''
BITSIZEOF_PTRDIFF_T=''
BITSIZEOF_SIG_ATOMIC_T=''
BITSIZEOF_SIZE_T=''
BITSIZEOF_WCHAR_T=''
BITSIZEOF_WINT_T=''
CC='msdk-linux-gcc'
CCDEPMODE=''
CFLAGS='-I/l/branch-rtl819x-sdk-v3.4.11/target/tmpfs/include -I/l/branch-rtl819x-sdk-v3.4.11/target/tmpfs/include'
CPP='msdk-linux-gcc -E'
CPPFLAGS=''
CYGPATH_W=''
DEFS=''
DEPDIR=''
ECHO_C=''
ECHO_N='-n'
ECHO_T=''
EGREP='/bin/grep -E'
EMULTIHOP_HIDDEN=''
EMULTIHOP_VALUE=''
ENOLINK_HIDDEN=''
ENOLINK_VALUE=''
EOVERFLOW_HIDDEN=''
EOVERFLOW_VALUE=''
ERRNO_H=''
EXEEXT=''
FLOAT_H=''
FNMATCH_H=''
FREXPL_LIBM=''
FREXP_LIBM=''
GLIBC21=''
GL_COND_LIBTOOL_FALSE=''
GL_COND_LIBTOOL_TRUE=''
GL_GENERATE_ALLOCA_H_FALSE=''
GL_GENERATE_ALLOCA_H_TRUE=''
GL_GENERATE_ERRNO_H_FALSE=''
GL_GENERATE_ERRNO_H_TRUE=''
GL_GENERATE_FLOAT_H_FALSE=''
GL_GENERATE_FLOAT_H_TRUE=''
GL_GENERATE_FNMATCH_H_FALSE=''
GL_GENERATE_FNMATCH_H_TRUE=''
GL_GENERATE_STDBOOL_H_FALSE=''
GL_GENERATE_STDBOOL_H_TRUE=''
GL_GENERATE_STDDEF_H_FALSE=''
GL_GENERATE_STDDEF_H_TRUE=''
GL_GENERATE_STDINT_H_FALSE=''
GL_GENERATE_STDINT_H_TRUE=''
GNULIB_ACOSF=''
GNULIB_ACOSL=''
GNULIB_ALPHASORT=''
GNULIB_ASINF=''
GNULIB_ASINL=''
GNULIB_ATAN2F=''
GNULIB_ATANF=''
GNULIB_ATANL=''
GNULIB_ATOLL='0'
GNULIB_BTOWC=''
GNULIB_CALLOC_POSIX='0'
GNULIB_CANONICALIZE_FILE_NAME='0'
GNULIB_CBRT=''
GNULIB_CBRTF=''
GNULIB_CBRTL=''
GNULIB_CEIL=''
GNULIB_CEILF=''
GNULIB_CEILL=''
GNULIB_CHDIR=''
GNULIB_CHOWN=''
GNULIB_CLOSE=''
GNULIB_CLOSEDIR=''
GNULIB_COPYSIGN=''
GNULIB_COPYSIGNF=''
GNULIB_COPYSIGNL=''
GNULIB_COSF=''
GNULIB_COSHF=''
GNULIB_COSL=''
GNULIB_DIRFD=''
GNULIB_DPRINTF=''
GNULIB_DUP2=''
GNULIB_DUP3=''
GNULIB_DUP=''
GNULIB_ENVIRON=''
GNULIB_EUIDACCESS=''
GNULIB_EXP2=''
GNULIB_EXP2F=''
GNULIB_EXP2L=''
GNULIB_EXPF=''
GNULIB_EXPL=''
GNULIB_EXPM1=''
GNULIB_EXPM1F=''
GNULIB_EXPM1L=''
GNULIB_FABSF=''
GNULIB_FABSL=''
GNULIB_FACCESSAT=''
GNULIB_FCHDIR=''
GNULIB_FCHMODAT=''
GNULIB_FCHOWNAT=''
GNULIB_FCLOSE=''
GNULIB_FDATASYNC=''
GNULIB_FDOPEN=''
GNULIB_FDOPENDIR=''
GNULIB_FFLUSH=''
GNULIB_FFSL=''
GNULIB_FFSLL=''
GNULIB_FGETC=''
GNULIB_FGETS=''
GNULIB_FLOOR=''
GNULIB_FLOORF=''
GNULIB_FLOORL=''
GNULIB_FMA=''
GNULIB_FMAF=''
GNULIB_FMAL=''
GNULIB_FMOD=''
GNULIB_FMODF=''
GNULIB_FMODL=''
GNULIB_FOPEN=''
GNULIB_FPRINTF=''
GNULIB_FPRINTF_POSIX=''
GNULIB_FPURGE=''
GNULIB_FPUTC=''
GNULIB_FPUTS=''
GNULIB_FREAD=''
GNULIB_FREOPEN=''
GNULIB_FREXP=''
GNULIB_FREXPF=''
GNULIB_FREXPL=''
GNULIB_FSCANF=''
GNULIB_FSEEK=''
GNULIB_FSEEKO=''
GNULIB_FSTAT=''
GNULIB_FSTATAT=''
GNULIB_FSYNC=''
GNULIB_FTELL=''
GNULIB_FTELLO=''
GNULIB_FTRUNCATE=''
GNULIB_FUTIMENS=''
GNULIB_FWRITE=''
GNULIB_GETC=''
GNULIB_GETCHAR=''
GNULIB_GETCWD=''
GNULIB_GETDELIM=''
GNULIB_GETDOMAINNAME=''
GNULIB_GETDTABLESIZE=''
GNULIB_GETGROUPS=''
GNULIB_GETHOSTNAME=''
GNULIB_GETLINE=''
GNULIB_GETLOADAVG='0'
GNULIB_GETLOGIN=''
GNULIB_GETLOGIN_R=''
GNULIB_GETPAGESIZE=''
GNULIB_GETSUBOPT='0'
GNULIB_GETTIMEOFDAY=''
GNULIB_GETUSERSHELL=''
GNULIB_GRANTPT='0'
GNULIB_GROUP_MEMBER=''
GNULIB_HYPOT=''
GNULIB_HYPOTF=''
GNULIB_HYPOTL=''
GNULIB_ILOGB=''
GNULIB_ILOGBF=''
GNULIB_ILOGBL=''
GNULIB_IMAXABS=''
GNULIB_IMAXDIV=''
GNULIB_ISATTY=''
GNULIB_ISFINITE=''
GNULIB_ISINF=''
GNULIB_ISNAN=''
GNULIB_ISNAND=''
GNULIB_ISNANF=''
GNULIB_ISNANL=''
GNULIB_ISWBLANK=''
GNULIB_ISWCTYPE=''
GNULIB_LCHMOD=''
GNULIB_LCHOWN=''
GNULIB_LDEXPF=''
GNULIB_LDEXPL=''
GNULIB_LINK=''
GNULIB_LINKAT=''
GNULIB_LOG10=''
GNULIB_LOG10F=''
GNULIB_LOG10L=''
GNULIB_LOG1P=''
GNULIB_LOG1PF=''
GNULIB_LOG1PL=''
GNULIB_LOG2=''
GNULIB_LOG2F=''
GNULIB_LOG2L=''
GNULIB_LOG=''
GNULIB_LOGB=''
GNULIB_LOGBF=''
GNULIB_LOGBL=''
GNULIB_LOGF=''
GNULIB_LOGL=''
GNULIB_LSEEK=''
GNULIB_LSTAT=''
GNULIB_MALLOC_POSIX='0'
GNULIB_MBRLEN=''
GNULIB_MBRTOWC=''
GNULIB_MBSCASECMP=''
GNULIB_MBSCASESTR=''
GNULIB_MBSCHR=''
GNULIB_MBSCSPN=''
GNULIB_MBSINIT=''
GNULIB_MBSLEN=''
GNULIB_MBSNCASECMP=''
GNULIB_MBSNLEN=''
GNULIB_MBSNRTOWCS=''
GNULIB_MBSPBRK=''
GNULIB_MBSPCASECMP=''
GNULIB_MBSRCHR=''
GNULIB_MBSRTOWCS=''
GNULIB_MBSSEP=''
GNULIB_MBSSPN=''
GNULIB_MBSSTR=''
GNULIB_MBSTOK_R=''
GNULIB_MBTOWC='0'
GNULIB_MEMCHR=''
GNULIB_MEMMEM=''
GNULIB_MEMPCPY=''
GNULIB_MEMRCHR=''
GNULIB_MKDIRAT=''
GNULIB_MKDTEMP='0'
GNULIB_MKFIFO=''
GNULIB_MKFIFOAT=''
GNULIB_MKNOD=''
GNULIB_MKNODAT=''
GNULIB_MKOSTEMP='0'
GNULIB_MKOSTEMPS='0'
GNULIB_MKSTEMP='0'
GNULIB_MKSTEMPS='0'
GNULIB_MKTIME=''
GNULIB_MODF=''
GNULIB_MODFF=''
GNULIB_MODFL=''
GNULIB_NANOSLEEP=''
GNULIB_OBSTACK_PRINTF=''
GNULIB_OBSTACK_PRINTF_POSIX=''
GNULIB_OPENDIR=''
GNULIB_PCLOSE=''
GNULIB_PERROR=''
GNULIB_PIPE2=''
GNULIB_PIPE=''
GNULIB_POPEN=''
GNULIB_POSIX_OPENPT='0'
GNULIB_POWF=''
GNULIB_PREAD=''
GNULIB_PRINTF=''
GNULIB_PRINTF_POSIX=''
GNULIB_PTHREAD_SIGMASK=''
GNULIB_PTSNAME='0'
GNULIB_PTSNAME_R='0'
GNULIB_PUTC=''
GNULIB_PUTCHAR=''
GNULIB_PUTENV='0'
GNULIB_PUTS=''
GNULIB_PWRITE=''
GNULIB_QSORT_R='0'
GNULIB_RAISE=''
GNULIB_RANDOM='0'
GNULIB_RANDOM_R='0'
GNULIB_RAWMEMCHR=''
GNULIB_READ=''
GNULIB_READDIR=''
GNULIB_READLINK=''
GNULIB_READLINKAT=''
GNULIB_REALLOC_POSIX='0'
GNULIB_REALPATH='0'
GNULIB_REMAINDER=''
GNULIB_REMAINDERF=''
GNULIB_REMAINDERL=''
GNULIB_REMOVE=''
GNULIB_RENAME=''
GNULIB_RENAMEAT=''
GNULIB_REWINDDIR=''
GNULIB_RINT=''
GNULIB_RINTF=''
GNULIB_RINTL=''
GNULIB_RMDIR=''
GNULIB_ROUND=''
GNULIB_ROUNDF=''
GNULIB_ROUNDL=''
GNULIB_RPMATCH='0'
GNULIB_SCANDIR=''
GNULIB_SCANF=''
GNULIB_SECURE_GETENV='0'
GNULIB_SETENV='0'
GNULIB_SETHOSTNAME=''
GNULIB_SIGACTION=''
GNULIB_SIGNAL_H_SIGPIPE=''
GNULIB_SIGNBIT=''
GNULIB_SIGPROCMASK=''
GNULIB_SINF=''
GNULIB_SINHF=''
GNULIB_SINL=''
GNULIB_SLEEP=''
GNULIB_SNPRINTF=''
GNULIB_SPRINTF_POSIX=''
GNULIB_SQRTF=''
GNULIB_SQRTL=''
GNULIB_STAT=''
GNULIB_STDIO_H_NONBLOCKING=''
GNULIB_STDIO_H_SIGPIPE=''
GNULIB_STPCPY=''
GNULIB_STPNCPY=''
GNULIB_STRCASESTR=''
GNULIB_STRCHRNUL=''
GNULIB_STRDUP=''
GNULIB_STRERROR=''
GNULIB_STRERROR_R=''
GNULIB_STRNCAT=''
GNULIB_STRNDUP=''
GNULIB_STRNLEN=''
GNULIB_STRPBRK=''
GNULIB_STRPTIME=''
GNULIB_STRSEP=''
GNULIB_STRSIGNAL=''
GNULIB_STRSTR=''
GNULIB_STRTOD='0'
GNULIB_STRTOIMAX=''
GNULIB_STRTOK_R=''
GNULIB_STRTOLL='0'
GNULIB_STRTOULL='0'
GNULIB_STRTOUMAX=''
GNULIB_STRVERSCMP=''
GNULIB_SYMLINK=''
GNULIB_SYMLINKAT=''
GNULIB_SYSTEM_POSIX='0'
GNULIB_TANF=''
GNULIB_TANHF=''
GNULIB_TANL=''
GNULIB_TIMEGM=''
GNULIB_TIME_R=''
GNULIB_TIME_RZ=''
GNULIB_TMPFILE=''
GNULIB_TOWCTRANS=''
GNULIB_TRUNC=''
GNULIB_TRUNCF=''
GNULIB_TRUNCL=''
GNULIB_TTYNAME_R=''
GNULIB_UNISTD_H_NONBLOCKING=''
GNULIB_UNISTD_H_SIGPIPE=''
GNULIB_UNLINK=''
GNULIB_UNLINKAT=''
GNULIB_UNLOCKPT='0'
GNULIB_UNSETENV='0'
GNULIB_USLEEP=''
GNULIB_UTIMENSAT=''
GNULIB_VASPRINTF=''
GNULIB_VDPRINTF=''
GNULIB_VFPRINTF=''
GNULIB_VFPRINTF_POSIX=''
GNULIB_VFSCANF=''
GNULIB_VPRINTF=''
GNULIB_VPRINTF_POSIX=''
GNULIB_VSCANF=''
GNULIB_VSNPRINTF=''
GNULIB_VSPRINTF_POSIX=''
GNULIB_WCPCPY=''
GNULIB_WCPNCPY=''
GNULIB_WCRTOMB=''
GNULIB_WCSCASECMP=''
GNULIB_WCSCAT=''
GNULIB_WCSCHR=''
GNULIB_WCSCMP=''
GNULIB_WCSCOLL=''
GNULIB_WCSCPY=''
GNULIB_WCSCSPN=''
GNULIB_WCSDUP=''
GNULIB_WCSLEN=''
GNULIB_WCSNCASECMP=''
GNULIB_WCSNCAT=''
GNULIB_WCSNCMP=''
GNULIB_WCSNCPY=''
GNULIB_WCSNLEN=''
GNULIB_WCSNRTOMBS=''
GNULIB_WCSPBRK=''
GNULIB_WCSRCHR=''
GNULIB_WCSRTOMBS=''
GNULIB_WCSSPN=''
GNULIB_WCSSTR=''
GNULIB_WCSTOK=''
GNULIB_WCSWIDTH=''
GNULIB_WCSXFRM=''
GNULIB_WCTOB=''
GNULIB_WCTOMB='0'
GNULIB_WCTRANS=''
GNULIB_WCTYPE=''
GNULIB_WCWIDTH=''
GNULIB_WMEMCHR=''
GNULIB_WMEMCMP=''
GNULIB_WMEMCPY=''
GNULIB_WMEMMOVE=''
GNULIB_WMEMSET=''
GNULIB_WRITE=''
GNULIB__EXIT='0'
GREP='/bin/grep'
HAVE_ACOSF=''
HAVE_ACOSL=''
HAVE_ALPHASORT=''
HAVE_ASINF=''
HAVE_ASINL=''
HAVE_ATAN2F=''
HAVE_ATANF=''
HAVE_ATANL=''
HAVE_ATOLL='1'
HAVE_BTOWC=''
HAVE_CANONICALIZE_FILE_NAME='1'
HAVE_CBRT=''
HAVE_CBRTF=''
HAVE_CBRTL=''
HAVE_CHOWN=''
HAVE_CLOSEDIR=''
HAVE_COPYSIGN=''
HAVE_COPYSIGNL=''
HAVE_COSF=''
HAVE_COSHF=''
HAVE_COSL=''
HAVE_DECL_ACOSL=''
HAVE_DECL_ASINL=''
HAVE_DECL_ATANL=''
HAVE_DECL_CBRTF=''
HAVE_DECL_CBRTL=''
HAVE_DECL_CEILF=''
HAVE_DECL_CEILL=''
HAVE_DECL_COPYSIGNF=''
HAVE_DECL_COSL=''
HAVE_DECL_DIRFD=''
HAVE_DECL_ENVIRON=''
HAVE_DECL_EXP2=''
HAVE_DECL_EXP2F=''
HAVE_DECL_EXP2L=''
HAVE_DECL_EXPL=''
HAVE_DECL_EXPM1L=''
HAVE_DECL_FCHDIR=''
HAVE_DECL_FDATASYNC=''
HAVE_DECL_FDOPENDIR=''
HAVE_DECL_FLOORF=''
HAVE_DECL_FLOORL=''
HAVE_DECL_FPURGE=''
HAVE_DECL_FREXPL=''
HAVE_DECL_FSEEKO=''
HAVE_DECL_FTELLO=''
HAVE_DECL_GETDELIM=''
HAVE_DECL_GETDOMAINNAME=''
HAVE_DECL_GETLINE=''
HAVE_DECL_GETLOADAVG='1'
HAVE_DECL_GETLOGIN_R=''
HAVE_DECL_GETPAGESIZE=''
HAVE_DECL_GETUSERSHELL=''
HAVE_DECL_IMAXABS=''
HAVE_DECL_IMAXDIV=''
HAVE_DECL_LDEXPL=''
HAVE_DECL_LOCALTIME_R=''
HAVE_DECL_LOG10L=''
HAVE_DECL_LOG2=''
HAVE_DECL_LOG2F=''
HAVE_DECL_LOG2L=''
HAVE_DECL_LOGB=''
HAVE_DECL_LOGL=''
HAVE_DECL_MEMMEM=''
HAVE_DECL_MEMRCHR=''
HAVE_DECL_OBSTACK_PRINTF=''
HAVE_DECL_REMAINDER=''
HAVE_DECL_REMAINDERL=''
HAVE_DECL_RINTF=''
HAVE_DECL_ROUND=''
HAVE_DECL_ROUNDF=''
HAVE_DECL_ROUNDL=''
HAVE_DECL_SETENV='1'
HAVE_DECL_SETHOSTNAME=''
HAVE_DECL_SINL=''
HAVE_DECL_SNPRINTF=''
HAVE_DECL_SQRTL=''
HAVE_DECL_STRDUP=''
HAVE_DECL_STRERROR_R=''
HAVE_DECL_STRNDUP=''
HAVE_DECL_STRNLEN=''
HAVE_DECL_STRSIGNAL=''
HAVE_DECL_STRTOIMAX=''
HAVE_DECL_STRTOK_R=''
HAVE_DECL_STRTOUMAX=''
HAVE_DECL_TANL=''
HAVE_DECL_TRUNC=''
HAVE_DECL_TRUNCF=''
HAVE_DECL_TRUNCL=''
HAVE_DECL_TTYNAME_R=''
HAVE_DECL_UNSETENV='1'
HAVE_DECL_VSNPRINTF=''
HAVE_DECL_WCTOB=''
HAVE_DECL_WCWIDTH=''
HAVE_DIRENT_H=''
HAVE_DPRINTF=''
HAVE_DUP2=''
HAVE_DUP3=''
HAVE_EUIDACCESS=''
HAVE_EXPF=''
HAVE_EXPL=''
HAVE_EXPM1=''
HAVE_EXPM1F=''
HAVE_FABSF=''
HAVE_FABSL=''
HAVE_FACCESSAT=''
HAVE_FCHDIR=''
HAVE_FCHMODAT=''
HAVE_FCHOWNAT=''
HAVE_FDATASYNC=''
HAVE_FDOPENDIR=''
HAVE_FEATURES_H=''
HAVE_FFSL=''
HAVE_FFSLL=''
HAVE_FMA=''
HAVE_FMAF=''
HAVE_FMAL=''
HAVE_FMODF=''
HAVE_FMODL=''
HAVE_FREXPF=''
HAVE_FSEEKO=''
HAVE_FSTATAT=''
HAVE_FSYNC=''
HAVE_FTELLO=''
HAVE_FTRUNCATE=''
HAVE_FUTIMENS=''
HAVE_GETDTABLESIZE=''
HAVE_GETGROUPS=''
HAVE_GETHOSTNAME=''
HAVE_GETLOGIN=''
HAVE_GETPAGESIZE=''
HAVE_GETSUBOPT='1'
HAVE_GETTIMEOFDAY=''
HAVE_GRANTPT='1'
HAVE_GROUP_MEMBER=''
HAVE_HYPOTF=''
HAVE_HYPOTL=''
HAVE_ILOGB=''
HAVE_ILOGBF=''
HAVE_ILOGBL=''
HAVE_INTTYPES_H=''
HAVE_ISNAND=''
HAVE_ISNANF=''
HAVE_ISNANL=''
HAVE_ISWBLANK=''
HAVE_ISWCNTRL=''
HAVE_LCHMOD=''
HAVE_LCHOWN=''
HAVE_LDEXPF=''
HAVE_LINK=''
HAVE_LINKAT=''
HAVE_LOG10F=''
HAVE_LOG10L=''
HAVE_LOG1P=''
HAVE_LOG1PF=''
HAVE_LOG1PL=''
HAVE_LOGBF=''
HAVE_LOGBL=''
HAVE_LOGF=''
HAVE_LOGL=''
HAVE_LONG_LONG_INT=''
HAVE_LSTAT=''
HAVE_MAX_ALIGN_T=''
HAVE_MBRLEN=''
HAVE_MBRTOWC=''
HAVE_MBSINIT=''
HAVE_MBSLEN=''
HAVE_MBSNRTOWCS=''
HAVE_MBSRTOWCS=''
HAVE_MEMCHR=''
HAVE_MEMPCPY=''
HAVE_MKDIRAT=''
HAVE_MKDTEMP='1'
HAVE_MKFIFO=''
HAVE_MKFIFOAT=''
HAVE_MKNOD=''
HAVE_MKNODAT=''
HAVE_MKOSTEMP='1'
HAVE_MKOSTEMPS='1'
HAVE_MKSTEMP='1'
HAVE_MKSTEMPS='1'
HAVE_MODFF=''
HAVE_MODFL=''
HAVE_NANOSLEEP=''
HAVE_OPENDIR=''
HAVE_OS_H=''
HAVE_PCLOSE=''
HAVE_PIPE2=''
HAVE_PIPE=''
HAVE_POPEN=''
HAVE_POSIX_OPENPT='1'
HAVE_POSIX_SIGNALBLOCKING=''
HAVE_POWF=''
HAVE_PREAD=''
HAVE_PTHREAD_SIGMASK=''
HAVE_PTSNAME='1'
HAVE_PTSNAME_R='1'
HAVE_PWRITE=''
HAVE_RAISE=''
HAVE_RANDOM='1'
HAVE_RANDOM_H='1'
HAVE_RANDOM_R='1'
HAVE_RAWMEMCHR=''
HAVE_READDIR=''
HAVE_READLINK=''
HAVE_READLINKAT=''
HAVE_REALPATH='1'
HAVE_REMAINDER=''
HAVE_REMAINDERF=''
HAVE_RENAMEAT=''
HAVE_REWINDDIR=''
HAVE_RINT=''
HAVE_RINTL=''
HAVE_RPMATCH='1'
HAVE_SAME_LONG_DOUBLE_AS_DOUBLE=''
HAVE_SCANDIR=''
HAVE_SECURE_GETENV='1'
HAVE_SETENV='1'
HAVE_SETHOSTNAME=''
HAVE_SIGACTION=''
HAVE_SIGHANDLER_T=''
HAVE_SIGINFO_T=''
HAVE_SIGNED_SIG_ATOMIC_T=''
HAVE_SIGNED_WCHAR_T=''
HAVE_SIGNED_WINT_T=''
HAVE_SIGSET_T=''
HAVE_SINF=''
HAVE_SINHF=''
HAVE_SINL=''
HAVE_SLEEP=''
HAVE_SQRTF=''
HAVE_SQRTL=''
HAVE_STDINT_H=''
HAVE_STPCPY=''
HAVE_STPNCPY=''
HAVE_STRCASESTR=''
HAVE_STRCHRNUL=''
HAVE_STRPBRK=''
HAVE_STRPTIME=''
HAVE_STRSEP=''
HAVE_STRTOD='1'
HAVE_STRTOLL='1'
HAVE_STRTOULL='1'
HAVE_STRUCT_RANDOM_DATA='1'
HAVE_STRUCT_SIGACTION_SA_SIGACTION=''
HAVE_STRUCT_TIMEVAL=''
HAVE_STRVERSCMP=''
HAVE_SYMLINK=''
HAVE_SYMLINKAT=''
HAVE_SYS_BITYPES_H=''
HAVE_SYS_INTTYPES_H=''
HAVE_SYS_LOADAVG_H='0'
HAVE_SYS_PARAM_H=''
HAVE_SYS_TIME_H=''
HAVE_SYS_TYPES_H=''
HAVE_TANF=''
HAVE_TANHF=''
HAVE_TANL=''
HAVE_TIMEGM=''
HAVE_TIMEZONE_T=''
HAVE_TYPE_VOLATILE_SIG_ATOMIC_T=''
HAVE_UNISTD_H=''
HAVE_UNLINKAT=''
HAVE_UNLOCKPT='1'
HAVE_UNSIGNED_LONG_LONG_INT=''
HAVE_USLEEP=''
HAVE_UTIMENSAT=''
HAVE_VASPRINTF=''
HAVE_VDPRINTF=''
HAVE_WCHAR_H=''
HAVE_WCHAR_T=''
HAVE_WCPCPY=''
HAVE_WCPNCPY=''
HAVE_WCRTOMB=''
HAVE_WCSCASECMP=''
HAVE_WCSCAT=''
HAVE_WCSCHR=''
HAVE_WCSCMP=''
HAVE_WCSCOLL=''
HAVE_WCSCPY=''
HAVE_WCSCSPN=''
HAVE_WCSDUP=''
HAVE_WCSLEN=''
HAVE_WCSNCASECMP=''
HAVE_WCSNCAT=''
HAVE_WCSNCMP=''
HAVE_WCSNCPY=''
HAVE_WCSNLEN=''
HAVE_WCSNRTOMBS=''
HAVE_WCSPBRK=''
HAVE_WCSRCHR=''
HAVE_WCSRTOMBS=''
HAVE_WCSSPN=''
HAVE_WCSSTR=''
HAVE_WCSTOK=''
HAVE_WCSWIDTH=''
HAVE_WCSXFRM=''
HAVE_WCTRANS_T=''
HAVE_WCTYPE_H=''
HAVE_WCTYPE_T=''
HAVE_WINSOCK2_H=''
HAVE_WINT_T=''
HAVE_WMEMCHR=''
HAVE_WMEMCMP=''
HAVE_WMEMCPY=''
HAVE_WMEMMOVE=''
HAVE_WMEMSET=''
HAVE__BOOL=''
HAVE__EXIT='1'
INCLUDE_NEXT=''
INCLUDE_NEXT_AS_FIRST_DIRECTIVE=''
INSTALL_DATA=''
INSTALL_PROGRAM=''
INSTALL_SCRIPT=''
INSTALL_STRIP_PROGRAM=''
INT32_MAX_LT_INTMAX_MAX=''
INT64_MAX_EQ_LONG_MAX=''
LDFLAGS=''
LIBGNU_LIBDEPS=''
LIBGNU_LTLIBDEPS=''
LIBOBJS=''
LIBS=''
LN_S=''
LOCALCHARSET_TESTS_ENVIRONMENT=''
LOCALE_FR=''
LOCALE_FR_UTF8=''
LOCALE_JA=''
LOCALE_ZH_CN=''
LTLIBOBJS=''
MAINT='#'
MAINTAINER_MODE_FALSE=''
MAINTAINER_MODE_TRUE='#'
MAKEINFO=''
MKDIR_P=''
NEXT_AS_FIRST_DIRECTIVE_DIRENT_H=''
NEXT_AS_FIRST_DIRECTIVE_ERRNO_H=''
NEXT_AS_FIRST_DIRECTIVE_FLOAT_H=''
NEXT_AS_FIRST_DIRECTIVE_INTTYPES_H=''
NEXT_AS_FIRST_DIRECTIVE_MATH_H=''
NEXT_AS_FIRST_DIRECTIVE_SIGNAL_H=''
NEXT_AS_FIRST_DIRECTIVE_STDDEF_H=''
NEXT_AS_FIRST_DIRECTIVE_STDINT_H=''
NEXT_AS_FIRST_DIRECTIVE_STDIO_H=''
NEXT_AS_FIRST_DIRECTIVE_STDLIB_H=''
NEXT_AS_FIRST_DIRECTIVE_STRING_H=''
NEXT_AS_FIRST_DIRECTIVE_SYS_STAT_H=''
NEXT_AS_FIRST_DIRECTIVE_SYS_TIME_H=''
NEXT_AS_FIRST_DIRECTIVE_SYS_TYPES_H=''
NEXT_AS_FIRST_DIRECTIVE_TIME_H=''
NEXT_AS_FIRST_DIRECTIVE_UNISTD_H=''
NEXT_AS_FIRST_DIRECTIVE_WCHAR_H=''
NEXT_AS_FIRST_DIRECTIVE_WCTYPE_H=''
NEXT_DIRENT_H=''
NEXT_ERRNO_H=''
NEXT_FLOAT_H=''
NEXT_INTTYPES_H=''
NEXT_MATH_H=''
NEXT_SIGNAL_H=''
NEXT_STDDEF_H=''
NEXT_STDINT_H=''
NEXT_STDIO_H=''
NEXT_STDLIB_H=''
NEXT_STRING_H=''
NEXT_SYS_STAT_H=''
NEXT_SYS_TIME_H=''
NEXT_SYS_TYPES_H=''
NEXT_TIME_H=''
NEXT_UNISTD_H=''
NEXT_WCHAR_H=''
NEXT_WCTYPE_H=''
OBJEXT='o'
PACKAGE=''
PACKAGE_BUGREPORT=''
PACKAGE_NAME=''
PACKAGE_STRING=''
PACKAGE_TARNAME=''
PACKAGE_URL=''
PACKAGE_VERSION=''
PATH_SEPARATOR=':'
PRAGMA_COLUMNS=''
PRAGMA_SYSTEM_HEADER=''
PRIPTR_PREFIX=''
PRI_MACROS_BROKEN=''
PTHREAD_H_DEFINES_STRUCT_TIMESPEC=''
PTRDIFF_T_SUFFIX=''
RANLIB='msdk-linux-ranlib'
REPLACE_BTOWC=''
REPLACE_CALLOC='0'
REPLACE_CANONICALIZE_FILE_NAME='0'
REPLACE_CBRTF=''
REPLACE_CBRTL=''
REPLACE_CEIL=''
REPLACE_CEILF=''
REPLACE_CEILL=''
REPLACE_CHOWN=''
REPLACE_CLOSE=''
REPLACE_CLOSEDIR=''
REPLACE_DIRFD=''
REPLACE_DPRINTF=''
REPLACE_DUP2=''
REPLACE_DUP=''
REPLACE_EXP2=''
REPLACE_EXP2L=''
REPLACE_EXPM1=''
REPLACE_EXPM1F=''
REPLACE_FABSL=''
REPLACE_FCHOWNAT=''
REPLACE_FCLOSE=''
REPLACE_FDOPEN=''
REPLACE_FDOPENDIR=''
REPLACE_FFLUSH=''
REPLACE_FLOOR=''
REPLACE_FLOORF=''
REPLACE_FLOORL=''
REPLACE_FMA=''
REPLACE_FMAF=''
REPLACE_FMAL=''
REPLACE_FMOD=''
REPLACE_FMODF=''
REPLACE_FMODL=''
REPLACE_FOPEN=''
REPLACE_FPRINTF=''
REPLACE_FPURGE=''
REPLACE_FREOPEN=''
REPLACE_FREXP=''
REPLACE_FREXPF=''
REPLACE_FREXPL=''
REPLACE_FSEEK=''
REPLACE_FSEEKO=''
REPLACE_FSTAT=''
REPLACE_FSTATAT=''
REPLACE_FTELL=''
REPLACE_FTELLO=''
REPLACE_FTRUNCATE=''
REPLACE_FUTIMENS=''
REPLACE_GETCWD=''
REPLACE_GETDELIM=''
REPLACE_GETDOMAINNAME=''
REPLACE_GETDTABLESIZE=''
REPLACE_GETGROUPS=''
REPLACE_GETLINE=''
REPLACE_GETLOGIN_R=''
REPLACE_GETPAGESIZE=''
REPLACE_GETTIMEOFDAY=''
REPLACE_GMTIME=''
REPLACE_HUGE_VAL=''
REPLACE_HYPOT=''
REPLACE_HYPOTF=''
REPLACE_HYPOTL=''
REPLACE_ILOGB=''
REPLACE_ILOGBF=''
REPLACE_ISATTY=''
REPLACE_ISFINITE=''
REPLACE_ISINF=''
REPLACE_ISNAN=''
REPLACE_ISWBLANK=''
REPLACE_ISWCNTRL=''
REPLACE_ITOLD=''
REPLACE_LCHOWN=''
REPLACE_LDEXPL=''
REPLACE_LINK=''
REPLACE_LINKAT=''
REPLACE_LOCALTIME=''
REPLACE_LOCALTIME_R=''
REPLACE_LOG10=''
REPLACE_LOG10F=''
REPLACE_LOG10L=''
REPLACE_LOG1P=''
REPLACE_LOG1PF=''
REPLACE_LOG1PL=''
REPLACE_LOG2=''
REPLACE_LOG2F=''
REPLACE_LOG2L=''
REPLACE_LOG=''
REPLACE_LOGB=''
REPLACE_LOGBF=''
REPLACE_LOGBL=''
REPLACE_LOGF=''
REPLACE_LOGL=''
REPLACE_LSEEK=''
REPLACE_LSTAT=''
REPLACE_MALLOC='0'
REPLACE_MBRLEN=''
REPLACE_MBRTOWC=''
REPLACE_MBSINIT=''
REPLACE_MBSNRTOWCS=''
REPLACE_MBSRTOWCS=''
REPLACE_MBSTATE_T=''
REPLACE_MBTOWC='0'
REPLACE_MEMCHR=''
REPLACE_MEMMEM=''
REPLACE_MKDIR=''
REPLACE_MKFIFO=''
REPLACE_MKNOD=''
REPLACE_MKSTEMP='0'
REPLACE_MKTIME=''
REPLACE_MODF=''
REPLACE_MODFF=''
REPLACE_MODFL=''
REPLACE_NAN=''
REPLACE_NANOSLEEP=''
REPLACE_NULL=''
REPLACE_OBSTACK_PRINTF=''
REPLACE_OPENDIR=''
REPLACE_PERROR=''
REPLACE_POPEN=''
REPLACE_PREAD=''
REPLACE_PRINTF=''
REPLACE_PTHREAD_SIGMASK=''
REPLACE_PTSNAME='0'
REPLACE_PTSNAME_R='0'
REPLACE_PUTENV='0'
REPLACE_PWRITE=''
REPLACE_QSORT_R='0'
REPLACE_RAISE=''
REPLACE_RANDOM_R='0'
REPLACE_READ=''
REPLACE_READLINK=''
REPLACE_READLINKAT=''
REPLACE_REALLOC='0'
REPLACE_REALPATH='0'
REPLACE_REMAINDER=''
REPLACE_REMAINDERF=''
REPLACE_REMAINDERL=''
REPLACE_REMOVE=''
REPLACE_RENAME=''
REPLACE_RENAMEAT=''
REPLACE_RMDIR=''
REPLACE_ROUND=''
REPLACE_ROUNDF=''
REPLACE_ROUNDL=''
REPLACE_SETENV='0'
REPLACE_SIGNBIT=''
REPLACE_SIGNBIT_USING_GCC=''
REPLACE_SLEEP=''
REPLACE_SNPRINTF=''
REPLACE_SPRINTF=''
REPLACE_SQRTL=''
REPLACE_STAT=''
REPLACE_STDIO_READ_FUNCS=''
REPLACE_STDIO_WRITE_FUNCS=''
REPLACE_STPNCPY=''
REPLACE_STRCASESTR=''
REPLACE_STRCHRNUL=''
REPLACE_STRDUP=''
REPLACE_STRERROR=''
REPLACE_STRERROR_R=''
REPLACE_STRNCAT=''
REPLACE_STRNDUP=''
REPLACE_STRNLEN=''
REPLACE_STRSIGNAL=''
REPLACE_STRSTR=''
REPLACE_STRTOD='0'
REPLACE_STRTOIMAX=''
REPLACE_STRTOK_R=''
REPLACE_STRTOUMAX=''
REPLACE_STRUCT_TIMEVAL=''
REPLACE_SYMLINK=''
REPLACE_SYMLINKAT=''
REPLACE_TIMEGM=''
REPLACE_TMPFILE=''
REPLACE_TOWLOWER=''
REPLACE_TRUNC=''
REPLACE_TRUNCF=''
REPLACE_TRUNCL=''
REPLACE_TTYNAME_R=''
REPLACE_UNLINK=''
REPLACE_UNLINKAT=''
REPLACE_UNSETENV='0'
REPLACE_USLEEP=''
REPLACE_UTIMENSAT=''
REPLACE_VASPRINTF=''
REPLACE_VDPRINTF=''
REPLACE_VFPRINTF=''
REPLACE_VPRINTF=''
REPLACE_VSNPRINTF=''
REPLACE_VSPRINTF=''
REPLACE_WCRTOMB=''
REPLACE_WCSNRTOMBS=''
REPLACE_WCSRTOMBS=''
REPLACE_WCSWIDTH=''
REPLACE_WCTOB=''
REPLACE_WCTOMB='0'
REPLACE_WCWIDTH=''
REPLACE_WRITE=''
SET_MAKE=''
SHELL='/bin/sh'
SIG_ATOMIC_T_SUFFIX=''
SIZE_T_SUFFIX=''
STDBOOL_H=''
STDDEF_H=''
STDINT_H=''
STRIP='msdk-linux-strip'
SYS_TIME_H_DEFINES_STRUCT_TIMESPEC=''
TIME_H_DEFINES_STRUCT_TIMESPEC=''
UINT32_MAX_LT_UINTMAX_MAX=''
UINT64_MAX_EQ_ULONG_MAX=''
UNDEFINE_STRTOK_R=''
UNISTD_H_DEFINES_STRUCT_TIMESPEC=''
UNISTD_H_HAVE_WINSOCK2_H=''
UNISTD_H_HAVE_WINSOCK2_H_AND_USE_SOCKETS=''
VERSION=''
WCHAR_T_SUFFIX=''
WINDOWS_64_BIT_OFF_T=''
WINDOWS_64_BIT_ST_SIZE=''
WINT_T_SUFFIX=''
ac_ct_CC=''
am__EXEEXT_FALSE=''
am__EXEEXT_TRUE=''
am__fastdepCC_FALSE=''
am__fastdepCC_TRUE=''
am__include=''
am__isrc=''
am__leading_dot=''
am__quote=''
am__tar=''
am__untar=''
bindir='${exec_prefix}/bin'
build='x86_64-pc-linux-uclibc'
build_alias=''
build_cpu='x86_64'
build_os='linux-uclibc'
build_vendor='pc'
datadir='${datarootdir}'
datarootdir='${prefix}/share'
docdir='${datarootdir}/doc/${PACKAGE}'
dvidir='${docdir}'
exec_prefix='NONE'
gl_LIBOBJS=''
gl_LTLIBOBJS=''
gltests_LIBOBJS=''
gltests_LTLIBOBJS=''
gltests_WITNESS=''
host='mips-unknown-linux-gnu'
host_alias='mips-linux'
host_cpu='mips'
host_os='linux-gnu'
host_vendor='unknown'
htmldir='${docdir}'
includedir='${prefix}/include'
infodir='${datarootdir}/info'
install_sh=''
libdir='${exec_prefix}/lib'
libexecdir='${exec_prefix}/libexec'
lispdir=''
localedir='${datarootdir}/locale'
localstatedir='${prefix}/var'
mandir='${datarootdir}/man'
mkdir_p=''
oldincludedir='/usr/include'
pdfdir='${docdir}'
pkglibexecdir=''
prefix='/l/branch-rtl819x-sdk-v3.4.11/users/gdb/gdbserver'
program_transform_name='s,x,x,'
psdir='${docdir}'
runstatedir=''
sbindir='${exec_prefix}/sbin'
sharedstatedir='${prefix}/com'
sysconfdir='${prefix}/etc'
target='mips-unknown-linux-gnu'
target_alias=''
target_cpu='mips'
target_os='linux-gnu'
target_vendor='unknown'

## ----------- ##
## confdefs.h. ##
## ----------- ##

/* confdefs.h */
#define PACKAGE_NAME ""
#define PACKAGE_TARNAME ""
#define PACKAGE_VERSION ""
#define PACKAGE_STRING ""
#define PACKAGE_BUGREPORT ""
#define PACKAGE_URL ""
#define STDC_HEADERS 1
#define HAVE_SYS_TYPES_H 1
#define HAVE_SYS_STAT_H 1
#define HAVE_STDLIB_H 1
#define HAVE_STRING_H 1
#define HAVE_MEMORY_H 1
#define HAVE_STRINGS_H 1
#define HAVE_INTTYPES_H 1
#define HAVE_STDINT_H 1
#define HAVE_UNISTD_H 1
#define __EXTENSIONS__ 1
#define _ALL_SOURCE 1
#define _DARWIN_C_SOURCE 1
#define _GNU_SOURCE 1
#define __USE_MINGW_ANSI_STDIO 1
#define _POSIX_PTHREAD_SEMANTICS 1
#define _TANDEM_SOURCE 1
#define _FILE_OFFSET_BITS 64
#define _DARWIN_USE_64_BIT_INODE 1
#define HAVE_ALLOCA_H 1
#define HAVE_ALLOCA 1
#define HAVE_CANONICALIZE_FILE_NAME 1
#define HAVE_GETCWD 1
#define HAVE_READLINK 1
#define HAVE_REALPATH 1
#define HAVE_BTOWC 1
#define HAVE_ISBLANK 1
#define HAVE_ISWCTYPE 1
#define HAVE_MBSRTOWCS 1
#define HAVE_MEMPCPY 1
#define HAVE_WMEMCHR 1

configure: caught signal 2
configure: exit 1

## ---------------------- ##
## Running config.status. ##
## ---------------------- ##

This file was extended by config.status, which was
generated by GNU Autoconf 2.64.  Invocation command line was

  CONFIG_FILES    = Makefile
  CONFIG_HEADERS  = 
  CONFIG_LINKS    = 
  CONFIG_COMMANDS = depfiles
  $ config.status 

on SD1

config.status:2178: creating Makefile
config.status:2391: executing depfiles commands
